<?xml version="1.0" encoding="UTF-8"?>
<!-- Generated by org.testng.reporters.JUnitReportReporter -->
<testsuite hostname="Bunty" failures="0" tests="2" name="d6SerializationandDeSerialization.SerializationandDeSerialization" time="0.394" errors="0" timestamp="2023-09-22T23:47:44 IST" skipped="1">
  <testcase classname="d6SerializationandDeSerialization.SerializationandDeSerialization" name="ConvertJSONtoPOJO" time="0.394"/>
  <testcase classname="d6SerializationandDeSerialization.SerializationandDeSerialization" name="ConvertPOJOtoJSON">
    <skipped/>
  </testcase> <!-- ConvertPOJOtoJSON -->
</testsuite> <!-- d6SerializationandDeSerialization.SerializationandDeSerialization -->
