<?xml version="1.0" encoding="UTF-8"?>
<!-- Generated by org.testng.reporters.JUnitReportReporter -->
<testsuite hostname="Bunty" failures="0" tests="5" name="waystocreateResBody.WaystocreatePostRequestBody" time="2.345" errors="0" timestamp="2023-09-07T19:44:05 IST" skipped="4">
  <testcase classname="waystocreateResBody.WaystocreatePostRequestBody" name="deluser" time="2.345"/>
  <testcase classname="waystocreateResBody.WaystocreatePostRequestBody" name="PostRequestUsingPOJOClass">
    <skipped/>
  </testcase> <!-- PostRequestUsingPOJOClass -->
  <testcase classname="waystocreateResBody.WaystocreatePostRequestBody" name="PostRequestbyJSONorg">
    <skipped/>
  </testcase> <!-- PostRequestbyJSONorg -->
  <testcase classname="waystocreateResBody.WaystocreatePostRequestBody" name="testPostHashMap">
    <skipped/>
  </testcase> <!-- testPostHashMap -->
  <testcase classname="waystocreateResBody.WaystocreatePostRequestBody" name="PostRequestusingExternalJSONFile">
    <skipped/>
  </testcase> <!-- PostRequestusingExternalJSONFile -->
</testsuite> <!-- waystocreateResBody.WaystocreatePostRequestBody -->
