<?xml version="1.0" encoding="UTF-8"?>
<!-- Generated by org.testng.reporters.JUnitReportReporter -->
<testsuite hostname="Bunty" failures="0" tests="1" name="d6SchemaValidation.XMLSchemaValidation" time="2.354" errors="0" timestamp="2023-09-22T23:13:51 IST" skipped="0">
  <testcase classname="d6SchemaValidation.XMLSchemaValidation" name="XMLSchemaValidator" time="2.354"/>
</testsuite> <!-- d6SchemaValidation.XMLSchemaValidation -->
