<?xml version="1.0" encoding="UTF-8"?>
<!-- Generated by org.testng.reporters.JUnitReportReporter -->
<testsuite hostname="Bunty" failures="0" tests="1" name="d8APIChainingAssignment.UpdateStudent" time="0.121" errors="0" timestamp="2023-09-26T00:01:53 IST" skipped="0">
  <testcase classname="d8APIChainingAssignment.UpdateStudent" name="UpdateDetails" time="0.121"/>
</testsuite> <!-- d8APIChainingAssignment.UpdateStudent -->
