<?xml version="1.0" encoding="UTF-8"?>
<!-- Generated by org.testng.reporters.JUnitReportReporter -->
<testsuite hostname="Bunty" failures="0" tests="1" name="d8APIChaining.CreateUser" time="3.280" errors="0" timestamp="2023-09-25T21:07:39 IST" skipped="0">
  <testcase classname="d8APIChaining.CreateUser" name="Tes_CreateUser" time="3.280"/>
</testsuite> <!-- d8APIChaining.CreateUser -->
