<?xml version="1.0" encoding="UTF-8"?>
<!-- Generated by org.testng.reporters.JUnitReportReporter -->
<testsuite hostname="Bunty" failures="0" tests="1" name="d8APIChainingAssignment.CreateStudent" time="3.427" errors="0" timestamp="2023-09-26T00:01:53 IST" skipped="0">
  <testcase classname="d8APIChainingAssignment.CreateStudent" name="NewStudent" time="3.427"/>
</testsuite> <!-- d8APIChainingAssignment.CreateStudent -->
