<?xml version="1.0" encoding="UTF-8"?>
<!-- Generated by org.testng.reporters.JUnitReportReporter -->
<testsuite hostname="Bunty" failures="0" tests="4" name="d4ParsingJSONResponse.Parsing_JSONResponse" time="1.572" errors="0" timestamp="2023-09-11T19:29:59 IST" skipped="3">
  <testcase classname="d4ParsingJSONResponse.Parsing_JSONResponse" name="TotalBookAmount" time="1.572"/>
  <testcase classname="d4ParsingJSONResponse.Parsing_JSONResponse" name="FindingJSONresponse">
    <skipped/>
  </testcase> <!-- FindingJSONresponse -->
  <testcase classname="d4ParsingJSONResponse.Parsing_JSONResponse" name="JSONresponse">
    <skipped/>
  </testcase> <!-- JSONresponse -->
  <testcase classname="d4ParsingJSONResponse.Parsing_JSONResponse" name="JSONbodyResponseaValidation">
    <skipped/>
  </testcase> <!-- JSONbodyResponseaValidation -->
</testsuite> <!-- d4ParsingJSONResponse.Parsing_JSONResponse -->
