<?xml version="1.0" encoding="UTF-8"?>
<!-- Generated by org.testng.reporters.JUnitReportReporter -->
<testsuite hostname="Bunty" failures="0" tests="1" name="d8APIChainingAssignment.GetStudent" time="0.145" errors="0" timestamp="2023-09-26T00:01:53 IST" skipped="0">
  <testcase classname="d8APIChainingAssignment.GetStudent" name="FetchDetails" time="0.145"/>
</testsuite> <!-- d8APIChainingAssignment.GetStudent -->
