<?xml version="1.0" encoding="UTF-8"?>
<!-- Generated by org.testng.reporters.JUnitReportReporter -->
<testsuite hostname="Bunty" failures="0" tests="2" name="d5UploadingFiles.UploadingFiles" time="3.363" errors="0" timestamp="2023-09-18T18:27:18 IST" skipped="1">
  <testcase classname="d5UploadingFiles.UploadingFiles" name="MultipleFilesUpload" time="3.363"/>
  <testcase classname="d5UploadingFiles.UploadingFiles" name="SingleFileUplaod">
    <skipped/>
  </testcase> <!-- SingleFileUplaod -->
</testsuite> <!-- d5UploadingFiles.UploadingFiles -->
