<?xml version="1.0" encoding="UTF-8"?>
<!-- Generated by org.testng.reporters.JUnitReportReporter -->
<testsuite hostname="Bunty" failures="0" tests="4" name="d7AuthenticationTypes.Authentication" time="3.791" errors="0" timestamp="2023-09-24T16:07:27 IST" skipped="3">
  <testcase classname="d7AuthenticationTypes.Authentication" name="BearerTokenAuth" time="3.791"/>
  <testcase classname="d7AuthenticationTypes.Authentication" name="PremptiveAuthentication">
    <skipped/>
  </testcase> <!-- PremptiveAuthentication -->
  <testcase classname="d7AuthenticationTypes.Authentication" name="DigestAuthentication">
    <skipped/>
  </testcase> <!-- DigestAuthentication -->
  <testcase classname="d7AuthenticationTypes.Authentication" name="BasicAuthentication">
    <skipped/>
  </testcase> <!-- BasicAuthentication -->
</testsuite> <!-- d7AuthenticationTypes.Authentication -->
