<?xml version="1.0" encoding="UTF-8"?>
<!-- Generated by org.testng.reporters.JUnitReportReporter -->
<testsuite hostname="Bunty" failures="0" tests="5" name="d3ParameterAndQuerry.PathandquerryParameters" time="3.769" errors="0" timestamp="2023-09-09T19:07:27 IST" skipped="4">
  <testcase classname="d3ParameterAndQuerry.PathandquerryParameters" name="ExtractheaderInfo" time="3.769"/>
  <testcase classname="d3ParameterAndQuerry.PathandquerryParameters" name="extractCookiefromResponse">
    <skipped/>
  </testcase> <!-- extractCookiefromResponse -->
  <testcase classname="d3ParameterAndQuerry.PathandquerryParameters" name="HeaderDemo">
    <skipped/>
  </testcase> <!-- HeaderDemo -->
  <testcase classname="d3ParameterAndQuerry.PathandquerryParameters" name="testQuerryandPathParameters">
    <skipped/>
  </testcase> <!-- testQuerryandPathParameters -->
  <testcase classname="d3ParameterAndQuerry.PathandquerryParameters" name="handlingCockiesandHeader">
    <skipped/>
  </testcase> <!-- handlingCockiesandHeader -->
</testsuite> <!-- d3ParameterAndQuerry.PathandquerryParameters -->
