<?xml version="1.0" encoding="UTF-8"?>
<!-- Generated by org.testng.reporters.JUnitReportReporter -->
<testsuite hostname="Bunty" failures="0" tests="1" name="d8APIChainingAssignment.DeleteStudent" time="0.051" errors="0" timestamp="2023-09-25T23:32:38 IST" skipped="0">
  <testcase classname="d8APIChainingAssignment.DeleteStudent" name="RemoveStudent" time="0.051"/>
</testsuite> <!-- d8APIChainingAssignment.DeleteStudent -->
