<?xml version="1.0" encoding="UTF-8"?>
<!-- Generated by org.testng.reporters.JUnitReportReporter -->
<testsuite hostname="Bunty" failures="0" tests="1" name="d7FakeDataGeneration.FakeData" time="0.435" errors="0" timestamp="2023-09-24T17:16:36 IST" skipped="0">
  <testcase classname="d7FakeDataGeneration.FakeData" name="FakeData" time="0.435"/>
</testsuite> <!-- d7FakeDataGeneration.FakeData -->
