<?xml version="1.0" encoding="UTF-8"?>
<!-- Generated by org.testng.reporters.JUnitReportReporter -->
<testsuite hostname="Bunty" failures="0" tests="4" name="TestPackage.TestClass" time="7.968" errors="0" timestamp="2023-09-07T16:35:47 IST" skipped="0">
  <testcase classname="TestPackage.TestClass" name="getUser" time="3.781"/>
  <testcase classname="TestPackage.TestClass" name="createUser" time="1.632"/>
  <testcase classname="TestPackage.TestClass" name="updateUser" time="1.304"/>
  <testcase classname="TestPackage.TestClass" name="deleteUser" time="1.251"/>
</testsuite> <!-- TestPackage.TestClass -->
