<?xml version="1.0" encoding="UTF-8"?>
<!-- Generated by org.testng.reporters.JUnitReportReporter -->
<testsuite hostname="Bunty" failures="0" tests="1" name="d6SchemaValidation.JSONSchemaValidation" time="2.901" errors="0" timestamp="2023-09-22T22:59:02 IST" skipped="0">
  <testcase classname="d6SchemaValidation.JSONSchemaValidation" name="JSONSchemaValdate" time="2.901"/>
</testsuite> <!-- d6SchemaValidation.JSONSchemaValidation -->
