<?xml version="1.0" encoding="UTF-8"?>
<!-- Generated by org.testng.reporters.JUnitReportReporter -->
<testsuite hostname="Bunty" failures="0" tests="3" name="d5AParsingXMLResposne.ParsingXMLResponse" time="3.045" errors="0" timestamp="2023-09-18T15:55:12 IST" skipped="2">
  <testcase classname="d5AParsingXMLResposne.ParsingXMLResponse" name="AdvanceXMLResponseValidation" time="3.045"/>
  <testcase classname="d5AParsingXMLResposne.ParsingXMLResponse" name="testXMLResponseviaVariable">
    <skipped/>
  </testcase> <!-- testXMLResponseviaVariable -->
  <testcase classname="d5AParsingXMLResposne.ParsingXMLResponse" name="testXMLResponse">
    <skipped/>
  </testcase> <!-- testXMLResponse -->
</testsuite> <!-- d5AParsingXMLResposne.ParsingXMLResponse -->
